2018-05-16 00:48:19,033 - install_log - INFO - Prepare install_all.py
2018-05-16 00:48:19,033 - install_log - INFO - Remove install_all.py
2018-05-16 00:48:19,034 - install_log - INFO - Prepare smart_fill.py
2018-05-16 00:48:19,034 - install_log - INFO - Remove smart_fill.py
2018-05-16 00:48:19,034 - install_log - INFO - Prepare ss1.3.2_cc3fZlJRuuuB8ebCSYEq.zip
2018-05-16 00:48:19,035 - install_log - DEBUG - Cleanup tmp
2018-05-16 00:48:19,061 - install_log - INFO - Found smart_select in installed plugins. Move to backups.
2018-05-16 00:48:19,063 - install_log - INFO - Move tmp\smart_select to D:\Users\Chris\AppData\Roaming\Blender Foundation\Blender\2.79\scripts\addons\smart_select.
2018-05-16 00:48:19,065 - install_log - INFO - Remove ss1.3.2_cc3fZlJRuuuB8ebCSYEq.zip
2018-05-16 00:48:53,608 - [install_log][INFO:101)]: Prepare install_all.py
2018-05-16 00:48:53,609 - [install_log][INFO:108)]: Remove install_all.py
2018-05-16 00:48:53,609 - [install_log][INFO:101)]: Prepare smart_fill.py
2018-05-16 00:48:53,609 - [install_log][INFO:108)]: Remove smart_fill.py
2018-05-16 00:48:53,610 - [install_log][INFO:101)]: Prepare ss1.3.2_cc3fZlJRuuuB8ebCSYEq.zip
2018-05-16 00:48:53,610 - [install_log][DEBUG:26)]: Cleanup tmp
2018-05-16 00:48:53,636 - [install_log][INFO:88)]: Found smart_select in installed plugins. Move to backups.
2018-05-16 00:48:53,637 - [install_log][INFO:96)]: Move tmp\smart_select to D:\Users\Chris\AppData\Roaming\Blender Foundation\Blender\2.79\scripts\addons\smart_select.
2018-05-16 00:48:53,639 - [install_log][INFO:108)]: Remove ss1.3.2_cc3fZlJRuuuB8ebCSYEq.zip
2018-05-16 00:49:08,539 - [install_log][INFO:101]: Prepare install_all.py
2018-05-16 00:49:08,539 - [install_log][INFO:108]: Remove install_all.py
2018-05-16 00:49:08,540 - [install_log][INFO:101]: Prepare smart_fill.py
2018-05-16 00:49:08,540 - [install_log][INFO:108]: Remove smart_fill.py
2018-05-16 00:49:08,540 - [install_log][INFO:101]: Prepare ss1.3.2_cc3fZlJRuuuB8ebCSYEq.zip
2018-05-16 00:49:08,541 - [install_log][DEBUG:26]: Cleanup tmp
2018-05-16 00:49:08,569 - [install_log][INFO:88]: Found smart_select in installed plugins. Move to backups.
2018-05-16 00:49:08,570 - [install_log][INFO:96]: Move tmp\smart_select to D:\Users\Chris\AppData\Roaming\Blender Foundation\Blender\2.79\scripts\addons\smart_select.
2018-05-16 00:49:08,573 - [install_log][INFO:108]: Remove ss1.3.2_cc3fZlJRuuuB8ebCSYEq.zip
2018-05-16 00:50:56,020 - [install_log][INFO:101]: Prepare install_all.py
2018-05-16 00:50:56,020 - [install_log][INFO:108]: Remove install_all.py
2018-05-16 00:50:56,021 - [install_log][INFO:101]: Prepare smart_fill.py
2018-05-16 00:50:56,021 - [install_log][INFO:108]: Remove smart_fill.py
2018-05-16 00:50:56,021 - [install_log][INFO:101]: Prepare ss1.3.2_cc3fZlJRuuuB8ebCSYEq.zip
2018-05-16 00:50:56,021 - [install_log][DEBUG:26]: Cleanup tmp
2018-05-16 00:50:56,045 - [install_log][INFO:88]: Found smart_select in installed plugins. Move to backups.
2018-05-16 00:50:56,047 - [install_log][INFO:96]: Move tmp\smart_select to D:\Users\Chris\AppData\Roaming\Blender Foundation\Blender\2.79\scripts\addons\smart_select.
2018-05-16 00:50:56,048 - [install_log][INFO:108]: Remove ss1.3.2_cc3fZlJRuuuB8ebCSYEq.zip
2018-05-16 00:51:04,355 - [install_log][INFO:101]: Prepare install_all.py
2018-05-16 00:51:04,355 - [install_log][INFO:108]: Remove install_all.py
2018-05-16 00:51:04,356 - [install_log][INFO:101]: Prepare smart_fill.py
2018-05-16 00:51:04,356 - [install_log][INFO:108]: Remove smart_fill.py
2018-05-16 00:51:04,357 - [install_log][INFO:101]: Prepare ss1.3.2_cc3fZlJRuuuB8ebCSYEq.zip
2018-05-16 00:51:04,357 - [install_log][DEBUG:26]: Cleanup tmp
2018-05-16 00:51:04,382 - [install_log][INFO:88]: Found smart_select in installed plugins. Move to backups.
2018-05-16 00:51:04,384 - [install_log][INFO:96]: Move tmp\smart_select to D:\Users\Chris\AppData\Roaming\Blender Foundation\Blender\2.79\scripts\addons\smart_select.
2018-05-16 00:51:04,388 - [install_log][INFO:108]: Remove ss1.3.2_cc3fZlJRuuuB8ebCSYEq.zip
2018-05-16 00:52:39,268 - [install_log][DEBUG:165]: ME: D:\Users\Chris\Downloads\BlenderAddons\install_all.py
2018-05-16 00:52:39,269 - [install_log][DEBUG:165]: ME: D:\Users\Chris\Downloads\BlenderAddons\install_all.py
2018-05-16 00:52:39,269 - [install_log][INFO:101]: Prepare install_all.py
2018-05-16 00:52:39,269 - [install_log][INFO:108]: Remove install_all.py
2018-05-16 00:52:39,270 - [install_log][DEBUG:165]: ME: D:\Users\Chris\Downloads\BlenderAddons\install_all.py
2018-05-16 00:53:27,802 - [install_log][DEBUG:165]: ME: D:\Users\Chris\Downloads\BlenderAddons\install_all.py
2018-05-16 00:54:12,856 - [install_log][DEBUG:165]: ME: D:\Users\Chris\Downloads\BlenderAddons\install_all.py
2018-05-16 00:54:56,842 - [install_log][DEBUG:165]: ME: D:\Users\Chris\Downloads\BlenderAddons\install_all.py, PLUGIN: installer.log
2018-05-16 00:55:13,957 - [install_log][DEBUG:165]: ME: D:\Users\Chris\Downloads\BlenderAddons\install_all.py, PLUGIN: installer.log
2018-05-16 00:56:30,900 - [install_log][DEBUG:165]: ME: D:\Users\Chris\Downloads\BlenderAddons\install_all.py, PLUGIN: D:\Users\Chris\Downloads\BlenderAddons\installer.log
2018-05-16 00:57:35,739 - [install_log][DEBUG:166]: ME: D:\Users\Chris\Downloads\BlenderAddons\install_all.py, PLUGIN: D:\Users\Chris\Downloads\BlenderAddons\installer.log
2018-05-16 00:58:20,943 - [install_log][DEBUG:165]: ME: D:\Users\Chris\Downloads\BlenderAddons\install_all.py, PLUGIN: installer.log
2018-05-16 00:58:20,943 - [install_log][DEBUG:165]: ME: D:\Users\Chris\Downloads\BlenderAddons\install_all.py, PLUGIN: install_all.py
2018-05-16 00:58:20,944 - [install_log][INFO:168]: Skip handling my self.
2018-05-16 00:58:20,944 - [install_log][DEBUG:165]: ME: D:\Users\Chris\Downloads\BlenderAddons\install_all.py, PLUGIN: tmp
2018-05-16 00:58:39,717 - [install_log][DEBUG:165]: ME: D:\Users\Chris\Downloads\BlenderAddons\install_all.py, PLUGIN: installer.log
2018-05-16 00:58:39,717 - [install_log][DEBUG:165]: ME: D:\Users\Chris\Downloads\BlenderAddons\install_all.py, PLUGIN: install_all.py
2018-05-16 00:58:39,718 - [install_log][INFO:168]: Skip handling my self.
2018-05-16 00:58:39,718 - [install_log][DEBUG:165]: ME: D:\Users\Chris\Downloads\BlenderAddons\install_all.py, PLUGIN: tmp
2018-05-16 00:58:59,627 - [install_log][INFO:167]: Skip handling myself.
2018-05-16 01:01:24,597 - [install_log][INFO:101]: Prepare BoxCutter v.0.6.7.1.1.zip
2018-05-16 01:01:24,598 - [install_log][DEBUG:26]: Cleanup tmp
2018-05-16 01:01:24,762 - [install_log][INFO:88]: Found BoxCutter in installed plugins. Move to backups.
2018-05-16 01:01:24,763 - [install_log][INFO:96]: Move tmp\BoxCutter to D:\Users\Chris\AppData\Roaming\Blender Foundation\Blender\2.79\scripts\addons\BoxCutter.
2018-05-16 01:01:24,766 - [install_log][INFO:108]: Remove BoxCutter v.0.6.7.1.1.zip
2018-05-16 01:01:24,767 - [install_log][INFO:101]: Prepare GroupPro_1.1.6.zip
2018-05-16 01:01:24,767 - [install_log][DEBUG:26]: Cleanup tmp
2018-05-16 01:01:24,779 - [install_log][INFO:88]: Found GroupPro in installed plugins. Move to backups.
2018-05-16 01:01:24,781 - [install_log][INFO:96]: Move tmp\GroupPro to D:\Users\Chris\AppData\Roaming\Blender Foundation\Blender\2.79\scripts\addons\GroupPro.
2018-05-16 01:01:24,782 - [install_log][INFO:108]: Remove GroupPro_1.1.6.zip
2018-05-16 01:01:24,783 - [install_log][INFO:167]: skip handling myself.
2018-05-16 01:01:24,783 - [install_log][INFO:101]: Prepare shotpacker-accel-beta-win64.zip
2018-05-16 01:01:24,784 - [install_log][DEBUG:26]: Cleanup tmp
2018-05-16 01:01:24,805 - [install_log][INFO:88]: Found shotpacker in installed plugins. Move to backups.
2018-05-16 01:01:24,806 - [install_log][INFO:96]: Move tmp\shotpacker to D:\Users\Chris\AppData\Roaming\Blender Foundation\Blender\2.79\scripts\addons\shotpacker.
2018-05-16 01:01:24,807 - [install_log][INFO:108]: Remove shotpacker-accel-beta-win64.zip
2018-05-16 01:04:07,074 - [install_log][INFO:101]: Prepare Blender_TexTools_1.2.0.zip
2018-05-16 01:04:07,075 - [install_log][DEBUG:26]: Cleanup tmp
2018-05-16 01:04:07,254 - [install_log][INFO:88]: Found textools in installed plugins. Move to backups.
2018-05-16 01:04:07,256 - [install_log][INFO:96]: Move tmp\textools to D:\Users\Chris\AppData\Roaming\Blender Foundation\Blender\2.79\scripts\addons\textools.
2018-05-16 01:04:07,258 - [install_log][INFO:108]: Remove Blender_TexTools_1.2.0.zip
2018-05-16 01:04:07,258 - [install_log][INFO:101]: Prepare FBX_Bundle_1.1.0.zip
2018-05-16 01:04:07,259 - [install_log][DEBUG:26]: Cleanup tmp
2018-05-16 01:04:07,291 - [install_log][INFO:88]: Found FBXBundleExporter in installed plugins. Move to backups.
2018-05-16 01:04:07,293 - [install_log][INFO:96]: Move tmp\FBXBundleExporter to D:\Users\Chris\AppData\Roaming\Blender Foundation\Blender\2.79\scripts\addons\FBXBundleExporter.
2018-05-16 01:04:07,294 - [install_log][INFO:108]: Remove FBX_Bundle_1.1.0.zip
2018-05-16 01:04:07,295 - [install_log][INFO:167]: skip handling myself.
2018-05-16 01:16:24,113 - [install_log][INFO:185]: Skip handling myself.
2018-05-16 01:16:46,379 - [install_log][INFO:119]: Prepare foo.py
2018-05-16 01:16:46,379 - [install_log][INFO:126]: Remove foo.py
2018-05-16 01:16:46,380 - [install_log][INFO:185]: Skip handling myself.
2018-05-17 00:46:11,663 - [install_log][INFO:185]: Skip handling myself.
2018-05-17 00:46:11,664 - [install_log][INFO:119]: Prepare shotpacker-2018-04-23.zip
2018-05-17 00:46:11,665 - [install_log][DEBUG:44]: Cleanup tmp
2018-05-17 00:46:11,682 - [install_log][INFO:106]: Found shotpacker in installed plugins. Move to backups.
2018-05-17 00:46:11,683 - [install_log][INFO:114]: Move tmp\shotpacker to D:\Users\Chris\AppData\Roaming\Blender Foundation\Blender\2.79\scripts\addons\shotpacker.
2018-05-17 00:46:11,686 - [install_log][INFO:126]: Remove shotpacker-2018-04-23.zip
2018-05-17 00:48:05,788 - [install_log][INFO:191]: Skip handling myself.
2018-05-17 00:48:05,789 - [install_log][DEBUG:54]: Cleanup tmp
2018-05-17 21:44:35,351 - [install_log][INFO:191]: Skip handling myself.
2018-05-17 21:44:35,351 - [install_log][INFO:125]: Prepare uv_packmaster-extend-1.21.zip
2018-05-17 21:44:35,372 - [install_log][INFO:120]: Move tmp\uv_packmaster to D:\Users\Chris\AppData\Roaming\Blender Foundation\Blender\2.79\scripts\addons\uv_packmaster.
2018-05-17 21:44:35,376 - [install_log][INFO:132]: Remove uv_packmaster-extend-1.21.zip
2018-05-17 21:44:35,378 - [install_log][DEBUG:54]: Cleanup tmp
2018-05-22 23:58:46,870 - [install_log][INFO:191]: Skip handling myself.
2018-05-22 23:58:46,870 - [install_log][INFO:125]: Prepare uv_packmaster-extend-1.31.zip
2018-05-22 23:58:46,893 - [install_log][INFO:112]: Found uv_packmaster in installed plugins. Move to backups.
2018-05-22 23:58:46,894 - [install_log][INFO:120]: Move tmp\uv_packmaster to D:\Users\Chris\AppData\Roaming\Blender Foundation\Blender\2.79\scripts\addons\uv_packmaster.
2018-05-22 23:58:46,899 - [install_log][INFO:132]: Remove uv_packmaster-extend-1.31.zip
2018-05-22 23:58:46,900 - [install_log][DEBUG:54]: Cleanup tmp
2018-05-29 23:28:36,697 - [install_log][INFO:191]: Skip handling myself.
2018-05-29 23:28:36,698 - [install_log][INFO:125]: Prepare scene_amaranth_toolset.zip
2018-05-29 23:28:36,764 - [install_log][INFO:120]: Move tmp\amaranth to D:\Users\Chris\AppData\Roaming\Blender Foundation\Blender\2.79\scripts\addons\amaranth.
2018-05-29 23:28:36,766 - [install_log][INFO:132]: Remove scene_amaranth_toolset.zip
2018-05-29 23:28:36,767 - [install_log][INFO:125]: Prepare UvSquares-master.zip
2018-05-29 23:28:36,767 - [install_log][DEBUG:54]: Cleanup tmp
2018-05-29 23:28:36,776 - [install_log][INFO:120]: Move tmp\UvSquares-master to D:\Users\Chris\AppData\Roaming\Blender Foundation\Blender\2.79\scripts\addons\UvSquares-master.
2018-05-29 23:28:36,780 - [install_log][INFO:132]: Remove UvSquares-master.zip
2018-05-29 23:28:36,781 - [install_log][DEBUG:54]: Cleanup tmp
2018-05-29 23:35:02,772 - [install_log][INFO:125]: Prepare DECALmachine_v1.4.2a.zip
2018-05-29 23:35:04,232 - [install_log][INFO:112]: Found DECALmachine in installed plugins. Move to backups.
2018-05-29 23:35:04,234 - [install_log][INFO:120]: Move tmp\DECALmachine to D:\Users\Chris\AppData\Roaming\Blender Foundation\Blender\2.79\scripts\addons\DECALmachine.
2018-05-29 23:35:04,236 - [install_log][INFO:132]: Remove DECALmachine_v1.4.2a.zip
2018-05-29 23:35:04,248 - [install_log][INFO:191]: Skip handling myself.
2018-05-29 23:35:04,248 - [install_log][INFO:125]: Prepare MESHmachine_v0.5.12_preview.zip
2018-05-29 23:35:04,253 - [install_log][DEBUG:54]: Cleanup tmp
2018-05-29 23:35:04,490 - [install_log][INFO:112]: Found MESHmachine in installed plugins. Move to backups.
2018-05-29 23:35:04,491 - [install_log][INFO:120]: Move tmp\MESHmachine to D:\Users\Chris\AppData\Roaming\Blender Foundation\Blender\2.79\scripts\addons\MESHmachine.
2018-05-29 23:35:04,493 - [install_log][INFO:132]: Remove MESHmachine_v0.5.12_preview.zip
2018-05-29 23:35:04,494 - [install_log][INFO:125]: Prepare uv_packmaster-extend-1.41.zip
2018-05-29 23:35:04,495 - [install_log][DEBUG:54]: Cleanup tmp
2018-05-29 23:35:04,515 - [install_log][INFO:112]: Found uv_packmaster in installed plugins. Move to backups.
2018-05-29 23:35:04,516 - [install_log][INFO:120]: Move tmp\uv_packmaster to D:\Users\Chris\AppData\Roaming\Blender Foundation\Blender\2.79\scripts\addons\uv_packmaster.
2018-05-29 23:35:04,517 - [install_log][INFO:132]: Remove uv_packmaster-extend-1.41.zip
2018-05-29 23:35:04,518 - [install_log][DEBUG:54]: Cleanup tmp
2018-06-03 01:17:29,869 - [install_log][INFO:191]: Skip handling myself.
2018-06-03 01:17:29,869 - [install_log][INFO:125]: Prepare MESHmachine_v0.5.13_preview.zip
2018-06-03 01:17:30,116 - [install_log][INFO:112]: Found MESHmachine in installed plugins. Move to backups.
2018-06-03 01:17:30,118 - [install_log][INFO:120]: Move tmp\MESHmachine to D:\Users\Chris\AppData\Roaming\Blender Foundation\Blender\2.79\scripts\addons\MESHmachine.
2018-06-03 01:17:30,119 - [install_log][INFO:132]: Remove MESHmachine_v0.5.13_preview.zip
2018-06-03 01:17:30,121 - [install_log][INFO:125]: Prepare uv_packmaster-extend-1.42.zip
2018-06-03 01:17:30,121 - [install_log][DEBUG:54]: Cleanup tmp
2018-06-03 01:17:30,142 - [install_log][INFO:112]: Found uv_packmaster in installed plugins. Move to backups.
2018-06-03 01:17:30,143 - [install_log][INFO:120]: Move tmp\uv_packmaster to D:\Users\Chris\AppData\Roaming\Blender Foundation\Blender\2.79\scripts\addons\uv_packmaster.
2018-06-03 01:17:30,144 - [install_log][INFO:132]: Remove uv_packmaster-extend-1.42.zip
2018-06-03 01:17:30,145 - [install_log][DEBUG:54]: Cleanup tmp
2018-06-03 12:51:52,898 - [install_log][INFO:125]: Prepare Blender_TexTools_1.2.0.zip
2018-06-03 12:51:53,060 - [install_log][INFO:112]: Found textools in installed plugins. Move to backups.
2018-06-03 12:51:53,061 - [install_log][INFO:120]: Move tmp\textools to D:\Users\Chris\AppData\Roaming\Blender Foundation\Blender\2.79\scripts\addons\textools.
2018-06-03 12:51:53,063 - [install_log][INFO:132]: Remove Blender_TexTools_1.2.0.zip
2018-06-03 12:51:53,063 - [install_log][INFO:125]: Prepare FBX_Bundle_1.1.0.zip
2018-06-03 12:51:53,064 - [install_log][DEBUG:54]: Cleanup tmp
2018-06-03 12:51:53,094 - [install_log][INFO:112]: Found FBXBundleExporter in installed plugins. Move to backups.
2018-06-03 12:51:53,095 - [install_log][INFO:120]: Move tmp\FBXBundleExporter to D:\Users\Chris\AppData\Roaming\Blender Foundation\Blender\2.79\scripts\addons\FBXBundleExporter.
2018-06-03 12:51:53,096 - [install_log][INFO:132]: Remove FBX_Bundle_1.1.0.zip
2018-06-03 12:51:53,097 - [install_log][INFO:191]: Skip handling myself.
2018-06-03 12:51:53,097 - [install_log][DEBUG:54]: Cleanup tmp
2018-06-07 16:57:02,653 - [install_log][INFO:125]: Prepare BoxCutter 0866 (4).zip
2018-06-07 16:57:02,824 - [install_log][INFO:112]: Found BoxCutter in installed plugins. Move to backups.
2018-06-07 16:57:02,825 - [install_log][INFO:120]: Move tmp\BoxCutter to D:\Users\Chris\AppData\Roaming\Blender Foundation\Blender\2.79\scripts\addons\BoxCutter.
2018-06-07 16:57:02,827 - [install_log][INFO:132]: Remove BoxCutter 0866 (4).zip
2018-06-07 16:57:02,827 - [install_log][INFO:125]: Prepare HardOps_0095 (Blender 2.79).zip
2018-06-07 16:57:02,828 - [install_log][DEBUG:54]: Cleanup tmp
2018-06-07 16:57:03,700 - [install_log][INFO:120]: Move tmp\HOps to D:\Users\Chris\AppData\Roaming\Blender Foundation\Blender\2.79\scripts\addons\HOps.
2018-06-07 16:57:03,702 - [install_log][INFO:132]: Remove HardOps_0095 (Blender 2.79).zip
2018-06-07 16:57:03,704 - [install_log][INFO:191]: Skip handling myself.
2018-06-07 16:57:03,704 - [install_log][INFO:125]: Prepare MESHmachine_v0.5.13_preview.zip
2018-06-07 16:57:03,705 - [install_log][DEBUG:54]: Cleanup tmp
2018-06-07 16:57:03,942 - [install_log][INFO:112]: Found MESHmachine in installed plugins. Move to backups.
2018-06-07 16:57:03,943 - [install_log][INFO:120]: Move tmp\MESHmachine to D:\Users\Chris\AppData\Roaming\Blender Foundation\Blender\2.79\scripts\addons\MESHmachine.
2018-06-07 16:57:03,948 - [install_log][INFO:132]: Remove MESHmachine_v0.5.13_preview.zip
2018-06-07 16:57:03,950 - [install_log][INFO:125]: Prepare uv_packmaster-extend-1.42.zip
2018-06-07 16:57:03,950 - [install_log][DEBUG:54]: Cleanup tmp
2018-06-07 16:57:03,970 - [install_log][INFO:112]: Found uv_packmaster in installed plugins. Move to backups.
2018-06-07 16:57:03,971 - [install_log][INFO:120]: Move tmp\uv_packmaster to D:\Users\Chris\AppData\Roaming\Blender Foundation\Blender\2.79\scripts\addons\uv_packmaster.
2018-06-07 16:57:03,972 - [install_log][INFO:132]: Remove uv_packmaster-extend-1.42.zip
2018-06-07 16:57:03,973 - [install_log][DEBUG:54]: Cleanup tmp
